TN:
SF:lib/src/mini_library.dart
FNF:0
FNH:0
DA:11,1
DA:14,2
DA:19,1
DA:21,1
DA:23,3
DA:24,1
DA:25,1
DA:26,1
DA:28,1
DA:29,1
DA:30,2
DA:34,1
DA:38,1
DA:39,4
DA:40,4
DA:41,1
DA:47,1
DA:48,2
LF:18
LH:18
end_of_record
TN:
SF:lib/src/mini_sprite.dart
FNF:0
FNH:0
DA:10,3
DA:15,1
DA:17,4
DA:22,2
DA:23,2
DA:25,4
DA:26,4
DA:27,4
DA:29,4
DA:30,2
DA:32,4
DA:33,6
DA:35,2
DA:36,6
DA:37,2
DA:39,2
DA:43,2
DA:45,4
DA:47,2
DA:48,2
DA:53,2
DA:60,2
DA:61,12
DA:66,2
DA:68,8
DA:69,10
DA:71,6
DA:74,8
DA:75,2
DA:77,2
DA:78,3
DA:85,4
DA:88,4
DA:91,2
DA:92,4
LF:35
LH:35
end_of_record
