TN:
SF:lib/src/components/mini_sprite_component.dart
FNF:0
FNH:0
DA:7,1
DA:26,1
DA:37,2
DA:38,5
DA:39,6
DA:40,1
DA:41,3
DA:42,3
DA:43,4
DA:47,2
DA:48,3
DA:60,1
DA:63,2
DA:64,2
DA:65,5
DA:66,4
DA:68,1
DA:70,1
DA:73,3
DA:76,1
DA:77,9
DA:80,1
DA:82,2
DA:83,3
DA:87,3
DA:88,3
DA:92,1
DA:93,1
DA:94,4
DA:95,4
DA:96,1
DA:97,1
LF:32
LH:32
end_of_record
TN:
SF:lib/src/extensions.dart
FNF:0
FNH:0
DA:9,1
DA:14,1
DA:15,1
DA:18,5
DA:20,5
DA:21,4
DA:24,1
DA:25,3
DA:26,2
DA:30,4
DA:31,5
DA:32,1
DA:33,1
DA:34,1
DA:38,5
DA:39,5
DA:44,2
DA:46,1
DA:53,1
DA:58,4
DA:59,2
DA:65,2
DA:68,1
DA:69,1
LF:24
LH:24
end_of_record
